<?xml version="1.0" encoding="UTF-8"?>
<beans xmlns="http://www.springframework.org/schema/beans"
	xmlns:xsi="http://www.w3.org/2001/XMLSchema-instance" xmlns:context="http://www.springframework.org/schema/context"
	xmlns:mybatis="http://mybatis.org/schema/mybatis-spring"
	xsi:schemaLocation="http://www.springframework.org/schema/beans
	http://www.springframework.org/schema/beans/spring-beans.xsd
	http://www.springframework.org/schema/context
	http://www.springframework.org/schema/context/spring-context.xsd
	http://www.springframework.org/schema/beans http://www.springframework.org/schema/beans/spring-beans-3.0.xsd
  http://mybatis.org/schema/mybatis-spring http://mybatis.org/schema/mybatis-spring.xsd
	">
	<bean
		class="org.springframework.beans.factory.config.PropertyPlaceholderConfigurer">
		<property name="locations">
			<list>
				<value>classpath:conf/jdbc-test.properties</value>
			</list>
		</property>
		<!-- <property name="ignoreResourceNotFound" value="true" /> -->
	</bean>

	<bean id="dwhDataSource" class="org.apache.commons.dbcp.BasicDataSource"
		destroy-method="close">
		<property name="driverClassName" value="${edm.dwh.driver}" />
		<property name="url" value="${edm.dwh.url}" />
		<property name="username" value="${edm.dwh.username}" />
		<property name="password" value="${edm.dwh.password}" />

		<!--maxActive: 最大连接数量 -->
		<property name="maxActive" value="150" />
		<!--minIdle: 最小空闲连接 -->
		<property name="minIdle" value="5" />
		<!--maxIdle: 最大空闲连接 -->
		<property name="maxIdle" value="20" />
		<!--initialSize: 初始化连接 -->
		<property name="initialSize" value="30" />
		<!-- 连接被泄露时是否打印 -->
		<property name="logAbandoned" value="true" />
		<!--removeAbandoned: 是否自动回收超时连接 -->
		<property name="removeAbandoned" value="true" />
		<!--removeAbandonedTimeout: 超时时间(以秒数为单位) -->
		<property name="removeAbandonedTimeout" value="10" />
		<!--maxWait: 超时等待时间以毫秒为单位 1000等于60秒 -->
		<property name="maxWait" value="1000" />
		<!-- 在空闲连接回收器线程运行期间休眠的时间值,以毫秒为单位. -->
		<property name="timeBetweenEvictionRunsMillis" value="10000" />
		<!-- 在每次空闲连接回收器线程(如果有)运行时检查的连接数量 -->
		<property name="numTestsPerEvictionRun" value="10" />
		<!-- 1000 * 60 * 30 连接在池中保持空闲而不被空闲连接回收器线程 -->
		<property name="minEvictableIdleTimeMillis" value="10000" />
		<property name="validationQuery" value="SELECT 1 FROM DUAL" />
	</bean>
	<bean id="gsDataSource" class="org.apache.commons.dbcp.BasicDataSource"
		destroy-method="close">
		<property name="driverClassName" value="${edm.gs.driver}" />
		<property name="url" value="${edm.gs.url}" />
		<property name="username" value="${edm.gs.username}" />
		<property name="password" value="${edm.gs.password}" />

		<!--maxActive: 最大连接数量 -->
		<property name="maxActive" value="150" />
		<!--minIdle: 最小空闲连接 -->
		<property name="minIdle" value="5" />
		<!--maxIdle: 最大空闲连接 -->
		<property name="maxIdle" value="20" />
		<!--initialSize: 初始化连接 -->
		<property name="initialSize" value="30" />
		<!-- 连接被泄露时是否打印 -->
		<property name="logAbandoned" value="true" />
		<!--removeAbandoned: 是否自动回收超时连接 -->
		<property name="removeAbandoned" value="true" />
		<!--removeAbandonedTimeout: 超时时间(以秒数为单位) -->
		<property name="removeAbandonedTimeout" value="10" />
		<!--maxWait: 超时等待时间以毫秒为单位 1000等于60秒 -->
		<property name="maxWait" value="1000" />
		<!-- 在空闲连接回收器线程运行期间休眠的时间值,以毫秒为单位. -->
		<property name="timeBetweenEvictionRunsMillis" value="10000" />
		<!-- 在每次空闲连接回收器线程(如果有)运行时检查的连接数量 -->
		<property name="numTestsPerEvictionRun" value="10" />
		<!-- 1000 * 60 * 30 连接在池中保持空闲而不被空闲连接回收器线程 -->
		<property name="minEvictableIdleTimeMillis" value="10000" />
		<property name="validationQuery" value="SELECT 1 FROM DUAL" />
	</bean>
	<bean id="gsJdbcTemplate" class="org.springframework.jdbc.core.JdbcTemplate">
		<property name="dataSource" ref="gsDataSource">
		</property>
	</bean>
	<bean id="dwhJdbcTemplate" class="org.springframework.jdbc.core.JdbcTemplate">
		<property name="dataSource" ref="dwhDataSource">
		</property>
	</bean>
	<bean id="transactionManager"
		class="org.springframework.jdbc.datasource.DataSourceTransactionManager">
		<property name="dataSource" ref="dwhDataSource" />
	</bean>

</beans>  